INFO:werkzeug:[31m[1mWARNING: This is a development server. Do not use it in a production deployment. Use a production WSGI server instead.[0m
 * Running on http://127.0.0.1:5000
INFO:werkzeug:[33mPress CTRL+C to quit[0m
ERROR:app:Exception on / [GET]
Traceback (most recent call last):
  File "c:\Users\moekh\Desktop\Algon_Cloud_Dev.2023\CST8916_300 Remote DATA-Ramy Mohamed\Assignment1\Real-Time-Stock-Market-Simulation\.venv\Lib\site-packages\flask\app.py", line 2190, in wsgi_app
    response = self.full_dispatch_request()
               ^^^^^^^^^^^^^^^^^^^^^^^^^^^^
  File "c:\Users\moekh\Desktop\Algon_Cloud_Dev.2023\CST8916_300 Remote DATA-Ramy Mohamed\Assignment1\Real-Time-Stock-Market-Simulation\.venv\Lib\site-packages\flask\app.py", line 1486, in full_dispatch_request
    rv = self.handle_user_exception(e)
         ^^^^^^^^^^^^^^^^^^^^^^^^^^^^^
  File "c:\Users\moekh\Desktop\Algon_Cloud_Dev.2023\CST8916_300 Remote DATA-Ramy Mohamed\Assignment1\Real-Time-Stock-Market-Simulation\.venv\Lib\site-packages\flask\app.py", line 1484, in full_dispatch_request
    rv = self.dispatch_request()
         ^^^^^^^^^^^^^^^^^^^^^^^
  File "c:\Users\moekh\Desktop\Algon_Cloud_Dev.2023\CST8916_300 Remote DATA-Ramy Mohamed\Assignment1\Real-Time-Stock-Market-Simulation\.venv\Lib\site-packages\flask\app.py", line 1469, in dispatch_request
    return self.ensure_sync(self.view_functions[rule.endpoint])(**view_args)
           ^^^^^^^^^^^^^^^^^^^^^^^^^^^^^^^^^^^^^^^^^^^^^^^^^^^^^^^^^^^^^^^^^
  File "C:\Users\moekh\Desktop\Algon_Cloud_Dev.2023\CST8916_300 Remote DATA-Ramy Mohamed\Assignment1\Real-Time-Stock-Market-Simulation\app.py", line 19, in index
    return render_template('index.html')
           ^^^^^^^^^^^^^^^^^^^^^^^^^^^^^
  File "c:\Users\moekh\Desktop\Algon_Cloud_Dev.2023\CST8916_300 Remote DATA-Ramy Mohamed\Assignment1\Real-Time-Stock-Market-Simulation\.venv\Lib\site-packages\flask\templating.py", line 150, in render_template
    template = app.jinja_env.get_or_select_template(template_name_or_list)
               ^^^^^^^^^^^^^^^^^^^^^^^^^^^^^^^^^^^^^^^^^^^^^^^^^^^^^^^^^^^
  File "c:\Users\moekh\Desktop\Algon_Cloud_Dev.2023\CST8916_300 Remote DATA-Ramy Mohamed\Assignment1\Real-Time-Stock-Market-Simulation\.venv\Lib\site-packages\jinja2\environment.py", line 1081, in get_or_select_template
    return self.get_template(template_name_or_list, parent, globals)
           ^^^^^^^^^^^^^^^^^^^^^^^^^^^^^^^^^^^^^^^^^^^^^^^^^^^^^^^^^
  File "c:\Users\moekh\Desktop\Algon_Cloud_Dev.2023\CST8916_300 Remote DATA-Ramy Mohamed\Assignment1\Real-Time-Stock-Market-Simulation\.venv\Lib\site-packages\jinja2\environment.py", line 1010, in get_template
    return self._load_template(name, globals)
           ^^^^^^^^^^^^^^^^^^^^^^^^^^^^^^^^^^
  File "c:\Users\moekh\Desktop\Algon_Cloud_Dev.2023\CST8916_300 Remote DATA-Ramy Mohamed\Assignment1\Real-Time-Stock-Market-Simulation\.venv\Lib\site-packages\jinja2\environment.py", line 969, in _load_template
    template = self.loader.load(self, name, self.make_globals(globals))
               ^^^^^^^^^^^^^^^^^^^^^^^^^^^^^^^^^^^^^^^^^^^^^^^^^^^^^^^^
  File "c:\Users\moekh\Desktop\Algon_Cloud_Dev.2023\CST8916_300 Remote DATA-Ramy Mohamed\Assignment1\Real-Time-Stock-Market-Simulation\.venv\Lib\site-packages\jinja2\loaders.py", line 126, in load
    source, filename, uptodate = self.get_source(environment, name)
                                 ^^^^^^^^^^^^^^^^^^^^^^^^^^^^^^^^^^
  File "c:\Users\moekh\Desktop\Algon_Cloud_Dev.2023\CST8916_300 Remote DATA-Ramy Mohamed\Assignment1\Real-Time-Stock-Market-Simulation\.venv\Lib\site-packages\flask\templating.py", line 64, in get_source
    return self._get_source_fast(environment, template)
           ^^^^^^^^^^^^^^^^^^^^^^^^^^^^^^^^^^^^^^^^^^^^
  File "c:\Users\moekh\Desktop\Algon_Cloud_Dev.2023\CST8916_300 Remote DATA-Ramy Mohamed\Assignment1\Real-Time-Stock-Market-Simulation\.venv\Lib\site-packages\flask\templating.py", line 98, in _get_source_fast
    raise TemplateNotFound(template)
jinja2.exceptions.TemplateNotFound: index.html
INFO:werkzeug:127.0.0.1 - - [23/Oct/2023 11:29:26] "[35m[1mGET / HTTP/1.1[0m" 500 -
ERROR:app:Exception on / [GET]
Traceback (most recent call last):
  File "c:\Users\moekh\Desktop\Algon_Cloud_Dev.2023\CST8916_300 Remote DATA-Ramy Mohamed\Assignment1\Real-Time-Stock-Market-Simulation\.venv\Lib\site-packages\flask\app.py", line 2190, in wsgi_app
    response = self.full_dispatch_request()
               ^^^^^^^^^^^^^^^^^^^^^^^^^^^^
  File "c:\Users\moekh\Desktop\Algon_Cloud_Dev.2023\CST8916_300 Remote DATA-Ramy Mohamed\Assignment1\Real-Time-Stock-Market-Simulation\.venv\Lib\site-packages\flask\app.py", line 1486, in full_dispatch_request
    rv = self.handle_user_exception(e)
         ^^^^^^^^^^^^^^^^^^^^^^^^^^^^^
  File "c:\Users\moekh\Desktop\Algon_Cloud_Dev.2023\CST8916_300 Remote DATA-Ramy Mohamed\Assignment1\Real-Time-Stock-Market-Simulation\.venv\Lib\site-packages\flask\app.py", line 1484, in full_dispatch_request
    rv = self.dispatch_request()
         ^^^^^^^^^^^^^^^^^^^^^^^
  File "c:\Users\moekh\Desktop\Algon_Cloud_Dev.2023\CST8916_300 Remote DATA-Ramy Mohamed\Assignment1\Real-Time-Stock-Market-Simulation\.venv\Lib\site-packages\flask\app.py", line 1469, in dispatch_request
    return self.ensure_sync(self.view_functions[rule.endpoint])(**view_args)
           ^^^^^^^^^^^^^^^^^^^^^^^^^^^^^^^^^^^^^^^^^^^^^^^^^^^^^^^^^^^^^^^^^
  File "C:\Users\moekh\Desktop\Algon_Cloud_Dev.2023\CST8916_300 Remote DATA-Ramy Mohamed\Assignment1\Real-Time-Stock-Market-Simulation\app.py", line 19, in index
    return render_template('index.html')
           ^^^^^^^^^^^^^^^^^^^^^^^^^^^^^
  File "c:\Users\moekh\Desktop\Algon_Cloud_Dev.2023\CST8916_300 Remote DATA-Ramy Mohamed\Assignment1\Real-Time-Stock-Market-Simulation\.venv\Lib\site-packages\flask\templating.py", line 150, in render_template
    template = app.jinja_env.get_or_select_template(template_name_or_list)
               ^^^^^^^^^^^^^^^^^^^^^^^^^^^^^^^^^^^^^^^^^^^^^^^^^^^^^^^^^^^
  File "c:\Users\moekh\Desktop\Algon_Cloud_Dev.2023\CST8916_300 Remote DATA-Ramy Mohamed\Assignment1\Real-Time-Stock-Market-Simulation\.venv\Lib\site-packages\jinja2\environment.py", line 1081, in get_or_select_template
    return self.get_template(template_name_or_list, parent, globals)
           ^^^^^^^^^^^^^^^^^^^^^^^^^^^^^^^^^^^^^^^^^^^^^^^^^^^^^^^^^
  File "c:\Users\moekh\Desktop\Algon_Cloud_Dev.2023\CST8916_300 Remote DATA-Ramy Mohamed\Assignment1\Real-Time-Stock-Market-Simulation\.venv\Lib\site-packages\jinja2\environment.py", line 1010, in get_template
    return self._load_template(name, globals)
           ^^^^^^^^^^^^^^^^^^^^^^^^^^^^^^^^^^
  File "c:\Users\moekh\Desktop\Algon_Cloud_Dev.2023\CST8916_300 Remote DATA-Ramy Mohamed\Assignment1\Real-Time-Stock-Market-Simulation\.venv\Lib\site-packages\jinja2\environment.py", line 969, in _load_template
    template = self.loader.load(self, name, self.make_globals(globals))
               ^^^^^^^^^^^^^^^^^^^^^^^^^^^^^^^^^^^^^^^^^^^^^^^^^^^^^^^^
  File "c:\Users\moekh\Desktop\Algon_Cloud_Dev.2023\CST8916_300 Remote DATA-Ramy Mohamed\Assignment1\Real-Time-Stock-Market-Simulation\.venv\Lib\site-packages\jinja2\loaders.py", line 126, in load
    source, filename, uptodate = self.get_source(environment, name)
                                 ^^^^^^^^^^^^^^^^^^^^^^^^^^^^^^^^^^
  File "c:\Users\moekh\Desktop\Algon_Cloud_Dev.2023\CST8916_300 Remote DATA-Ramy Mohamed\Assignment1\Real-Time-Stock-Market-Simulation\.venv\Lib\site-packages\flask\templating.py", line 64, in get_source
    return self._get_source_fast(environment, template)
           ^^^^^^^^^^^^^^^^^^^^^^^^^^^^^^^^^^^^^^^^^^^^
  File "c:\Users\moekh\Desktop\Algon_Cloud_Dev.2023\CST8916_300 Remote DATA-Ramy Mohamed\Assignment1\Real-Time-Stock-Market-Simulation\.venv\Lib\site-packages\flask\templating.py", line 98, in _get_source_fast
    raise TemplateNotFound(template)
jinja2.exceptions.TemplateNotFound: index.html
INFO:werkzeug:127.0.0.1 - - [23/Oct/2023 11:29:27] "[35m[1mGET / HTTP/1.1[0m" 500 -
